mode: set
maw/config/config.go:16.48,18.2 1 1
maw/config/config.go:21.59,23.17 2 1
maw/config/config.go:26.2,26.14 1 1
maw/config/config.go:23.17,24.81 1 1
maw/config/config.go:30.76,32.17 2 1
maw/config/config.go:35.2,35.14 1 1
maw/config/config.go:32.17,34.3 1 1
maw/config/config.go:39.71,42.23 2 1
maw/config/config.go:46.2,47.16 2 1
maw/config/config.go:52.2,52.14 1 1
maw/config/config.go:42.23,44.3 1 1
maw/config/config.go:47.16,49.13 2 1
maw/config/config.go:57.70,60.23 2 1
maw/config/config.go:64.2,65.36 2 1
maw/config/config.go:68.2,68.37 1 1
maw/config/config.go:72.2,73.12 2 1
maw/config/config.go:60.23,62.3 1 1
maw/config/config.go:65.36,67.3 1 1
maw/config/config.go:68.37,70.3 1 1
maw/config/http.go:10.49,13.2 2 1
maw/routes/context.go:24.43,36.2 3 1
maw/context/context.go:14.30,46.11 6 1
maw/context/context.go:46.11,49.5 1 1
